This is pdfTeX, Version 3.141592653-2.6-1.40.22 (TeX Live 2021) (preloaded format=pdflatex 2021.10.7)  24 DEC 2023 16:19
entering extended mode
 restricted \write18 enabled.
 file:line:error style messages enabled.
 %&-line parsing enabled.
**"/Users/daniel/Desktop/UNIVERSITY/Postgrad/Cambridge/Modules/Applied Data Science/Coursework/dp702/report/Report.tex"
(/Users/daniel/Desktop/UNIVERSITY/Postgrad/Cambridge/Modules/Applied Data Science/Coursework/dp702/report/Report.tex
LaTeX2e <2020-10-01> patch level 4
L3 programming layer <2021-02-18> (/usr/local/texlive/2021/texmf-dist/tex/latex/base/article.cls
Document Class: article 2020/04/10 v1.4m Standard LaTeX document class
(/usr/local/texlive/2021/texmf-dist/tex/latex/base/size10.clo
File: size10.clo 2020/04/10 v1.4m Standard LaTeX file (size option)
)
\c@part=\count179
\c@section=\count180
\c@subsection=\count181
\c@subsubsection=\count182
\c@paragraph=\count183
\c@subparagraph=\count184
\c@figure=\count185
\c@table=\count186
\abovecaptionskip=\skip47
\belowcaptionskip=\skip48
\bibindent=\dimen138
) (/usr/local/texlive/2021/texmf-dist/tex/latex/geometry/geometry.sty
Package: geometry 2020/01/02 v5.9 Page Geometry
 (/usr/local/texlive/2021/texmf-dist/tex/latex/graphics/keyval.sty
Package: keyval 2014/10/28 v1.15 key=value parser (DPC)
\KV@toks@=\toks15
) (/usr/local/texlive/2021/texmf-dist/tex/generic/iftex/ifvtex.sty
Package: ifvtex 2019/10/25 v1.7 ifvtex legacy package. Use iftex instead.
 (/usr/local/texlive/2021/texmf-dist/tex/generic/iftex/iftex.sty
Package: iftex 2020/03/06 v1.0d TeX engine tests
))
\Gm@cnth=\count187
\Gm@cntv=\count188
\c@Gm@tempcnt=\count189
\Gm@bindingoffset=\dimen139
\Gm@wd@mp=\dimen140
\Gm@odd@mp=\dimen141
\Gm@even@mp=\dimen142
\Gm@layoutwidth=\dimen143
\Gm@layoutheight=\dimen144
\Gm@layouthoffset=\dimen145
\Gm@layoutvoffset=\dimen146
\Gm@dimlist=\toks16
) (/usr/local/texlive/2021/texmf-dist/tex/latex/amsmath/amsmath.sty
Package: amsmath 2020/09/23 v2.17i AMS math features
\@mathmargin=\skip49

For additional information on amsmath, use the `?' option.
(/usr/local/texlive/2021/texmf-dist/tex/latex/amsmath/amstext.sty
Package: amstext 2000/06/29 v2.01 AMS text
 (/usr/local/texlive/2021/texmf-dist/tex/latex/amsmath/amsgen.sty
File: amsgen.sty 1999/11/30 v2.0 generic functions
\@emptytoks=\toks17
\ex@=\dimen147
)) (/usr/local/texlive/2021/texmf-dist/tex/latex/amsmath/amsbsy.sty
Package: amsbsy 1999/11/29 v1.2d Bold Symbols
\pmbraise@=\dimen148
) (/usr/local/texlive/2021/texmf-dist/tex/latex/amsmath/amsopn.sty
Package: amsopn 2016/03/08 v2.02 operator names
)
\inf@bad=\count190
LaTeX Info: Redefining \frac on input line 234.
\uproot@=\count191
\leftroot@=\count192
LaTeX Info: Redefining \overline on input line 399.
\classnum@=\count193
\DOTSCASE@=\count194
LaTeX Info: Redefining \ldots on input line 496.
LaTeX Info: Redefining \dots on input line 499.
LaTeX Info: Redefining \cdots on input line 620.
\Mathstrutbox@=\box47
\strutbox@=\box48
\big@size=\dimen149
LaTeX Font Info:    Redeclaring font encoding OML on input line 743.
LaTeX Font Info:    Redeclaring font encoding OMS on input line 744.
\macc@depth=\count195
\c@MaxMatrixCols=\count196
\dotsspace@=\muskip16
\c@parentequation=\count197
\dspbrk@lvl=\count198
\tag@help=\toks18
\row@=\count199
\column@=\count266
\maxfields@=\count267
\andhelp@=\toks19
\eqnshift@=\dimen150
\alignsep@=\dimen151
\tagshift@=\dimen152
\tagwidth@=\dimen153
\totwidth@=\dimen154
\lineht@=\dimen155
\@envbody=\toks20
\multlinegap=\skip50
\multlinetaggap=\skip51
\mathdisplay@stack=\toks21
LaTeX Info: Redefining \[ on input line 2923.
LaTeX Info: Redefining \] on input line 2924.
) (/usr/local/texlive/2021/texmf-dist/tex/latex/float/float.sty
Package: float 2001/11/08 v1.3d Float enhancements (AL)
\c@float@type=\count268
\float@exts=\toks22
\float@box=\box49
\@float@everytoks=\toks23
\@floatcapt=\box50
) (/usr/local/texlive/2021/texmf-dist/tex/latex/enumitem/enumitem.sty
Package: enumitem 2019/06/20 v3.9 Customized lists
\labelindent=\skip52
\enit@outerparindent=\dimen156
\enit@toks=\toks24
\enit@inbox=\box51
\enit@count@id=\count269
\enitdp@description=\count270
) (/usr/local/texlive/2021/texmf-dist/tex/latex/graphics/graphicx.sty
Package: graphicx 2020/09/09 v1.2b Enhanced LaTeX Graphics (DPC,SPQR)
 (/usr/local/texlive/2021/texmf-dist/tex/latex/graphics/graphics.sty
Package: graphics 2020/08/30 v1.4c Standard LaTeX Graphics (DPC,SPQR)
 (/usr/local/texlive/2021/texmf-dist/tex/latex/graphics/trig.sty
Package: trig 2016/01/03 v1.10 sin cos tan (DPC)
) (/usr/local/texlive/2021/texmf-dist/tex/latex/graphics-cfg/graphics.cfg
File: graphics.cfg 2016/06/04 v1.11 sample graphics configuration
)
Package graphics Info: Driver file: pdftex.def on input line 105.
 (/usr/local/texlive/2021/texmf-dist/tex/latex/graphics-def/pdftex.def
File: pdftex.def 2020/10/05 v1.2a Graphics/color driver for pdftex
))
\Gin@req@height=\dimen157
\Gin@req@width=\dimen158
) (/usr/local/texlive/2021/texmf-dist/tex/latex/hyperref/hyperref.sty
Package: hyperref 2021-02-27 v7.00k Hypertext links for LaTeX
 (/usr/local/texlive/2021/texmf-dist/tex/generic/ltxcmds/ltxcmds.sty
Package: ltxcmds 2020-05-10 v1.25 LaTeX kernel commands for general use (HO)
) (/usr/local/texlive/2021/texmf-dist/tex/generic/pdftexcmds/pdftexcmds.sty
Package: pdftexcmds 2020-06-27 v0.33 Utility functions of pdfTeX for LuaTeX (HO)
 (/usr/local/texlive/2021/texmf-dist/tex/generic/infwarerr/infwarerr.sty
Package: infwarerr 2019/12/03 v1.5 Providing info/warning/error messages (HO)
)
Package pdftexcmds Info: \pdf@primitive is available.
Package pdftexcmds Info: \pdf@ifprimitive is available.
Package pdftexcmds Info: \pdfdraftmode found.
) (/usr/local/texlive/2021/texmf-dist/tex/generic/kvsetkeys/kvsetkeys.sty
Package: kvsetkeys 2019/12/15 v1.18 Key value parser (HO)
) (/usr/local/texlive/2021/texmf-dist/tex/generic/kvdefinekeys/kvdefinekeys.sty
Package: kvdefinekeys 2019-12-19 v1.6 Define keys (HO)
) (/usr/local/texlive/2021/texmf-dist/tex/generic/pdfescape/pdfescape.sty
Package: pdfescape 2019/12/09 v1.15 Implements pdfTeX's escape features (HO)
) (/usr/local/texlive/2021/texmf-dist/tex/latex/hycolor/hycolor.sty
Package: hycolor 2020-01-27 v1.10 Color options for hyperref/bookmark (HO)
) (/usr/local/texlive/2021/texmf-dist/tex/latex/letltxmacro/letltxmacro.sty
Package: letltxmacro 2019/12/03 v1.6 Let assignment for LaTeX macros (HO)
) (/usr/local/texlive/2021/texmf-dist/tex/latex/auxhook/auxhook.sty
Package: auxhook 2019-12-17 v1.6 Hooks for auxiliary files (HO)
) (/usr/local/texlive/2021/texmf-dist/tex/latex/kvoptions/kvoptions.sty
Package: kvoptions 2020-10-07 v3.14 Key value format for package options (HO)
)
\@linkdim=\dimen159
\Hy@linkcounter=\count271
\Hy@pagecounter=\count272
 (/usr/local/texlive/2021/texmf-dist/tex/latex/hyperref/pd1enc.def
File: pd1enc.def 2021-02-27 v7.00k Hyperref: PDFDocEncoding definition (HO)
Now handling font encoding PD1 ...
... no UTF-8 mapping file for font encoding PD1
) (/usr/local/texlive/2021/texmf-dist/tex/latex/hyperref/hyperref-langpatches.def
File: hyperref-langpatches.def 2021-02-27 v7.00k Hyperref: patches for babel languages
) (/usr/local/texlive/2021/texmf-dist/tex/generic/intcalc/intcalc.sty
Package: intcalc 2019/12/15 v1.3 Expandable calculations with integers (HO)
) (/usr/local/texlive/2021/texmf-dist/tex/generic/etexcmds/etexcmds.sty
Package: etexcmds 2019/12/15 v1.7 Avoid name clashes with e-TeX commands (HO)
)
\Hy@SavedSpaceFactor=\count273
 (/usr/local/texlive/2021/texmf-dist/tex/latex/hyperref/puenc.def
File: puenc.def 2021-02-27 v7.00k Hyperref: PDF Unicode definition (HO)
Now handling font encoding PU ...
... no UTF-8 mapping file for font encoding PU
)
Package hyperref Info: Hyper figures OFF on input line 4192.
Package hyperref Info: Link nesting OFF on input line 4197.
Package hyperref Info: Hyper index ON on input line 4200.
Package hyperref Info: Plain pages OFF on input line 4207.
Package hyperref Info: Backreferencing OFF on input line 4212.
Package hyperref Info: Implicit mode ON; LaTeX internals redefined.
Package hyperref Info: Bookmarks ON on input line 4445.
\c@Hy@tempcnt=\count274
 (/usr/local/texlive/2021/texmf-dist/tex/latex/url/url.sty
\Urlmuskip=\muskip17
Package: url 2013/09/16  ver 3.4  Verb mode for urls, etc.
)
LaTeX Info: Redefining \url on input line 4804.
\XeTeXLinkMargin=\dimen160
 (/usr/local/texlive/2021/texmf-dist/tex/generic/bitset/bitset.sty
Package: bitset 2019/12/09 v1.3 Handle bit-vector datatype (HO)
 (/usr/local/texlive/2021/texmf-dist/tex/generic/bigintcalc/bigintcalc.sty
Package: bigintcalc 2019/12/15 v1.5 Expandable calculations on big integers (HO)
))
\Fld@menulength=\count275
\Field@Width=\dimen161
\Fld@charsize=\dimen162
Package hyperref Info: Hyper figures OFF on input line 6075.
Package hyperref Info: Link nesting OFF on input line 6080.
Package hyperref Info: Hyper index ON on input line 6083.
Package hyperref Info: backreferencing OFF on input line 6090.
Package hyperref Info: Link coloring OFF on input line 6095.
Package hyperref Info: Link coloring with OCG OFF on input line 6100.
Package hyperref Info: PDF/A mode OFF on input line 6105.
LaTeX Info: Redefining \ref on input line 6145.
LaTeX Info: Redefining \pageref on input line 6149.
 (/usr/local/texlive/2021/texmf-dist/tex/latex/base/atbegshi-ltx.sty
Package: atbegshi-ltx 2020/08/17 v1.0a Emulation of the original atbegshi package
with kernel methods
)
\Hy@abspage=\count276
\c@Item=\count277
\c@Hfootnote=\count278
)
Package hyperref Info: Driver (autodetected): hpdftex.
 (/usr/local/texlive/2021/texmf-dist/tex/latex/hyperref/hpdftex.def
File: hpdftex.def 2021-02-27 v7.00k Hyperref driver for pdfTeX
 (/usr/local/texlive/2021/texmf-dist/tex/latex/base/atveryend-ltx.sty
Package: atveryend-ltx 2020/08/19 v1.0a Emulation of the original atvery package
with kernel methods
)
\Fld@listcount=\count279
\c@bookmark@seq@number=\count280
 (/usr/local/texlive/2021/texmf-dist/tex/latex/rerunfilecheck/rerunfilecheck.sty
Package: rerunfilecheck 2019/12/05 v1.9 Rerun checks for auxiliary files (HO)
 (/usr/local/texlive/2021/texmf-dist/tex/generic/uniquecounter/uniquecounter.sty
Package: uniquecounter 2019/12/15 v1.4 Provide unlimited unique counter (HO)
)
Package uniquecounter Info: New unique counter `rerunfilecheck' on input line 286.
)
\Hy@SectionHShift=\skip53
) (/usr/local/texlive/2021/texmf-dist/tex/latex/diagbox/diagbox.sty
Package: diagbox 2020/02/09 v2.3 Making table heads with diagonal lines
 (/usr/local/texlive/2021/texmf-dist/tex/latex/pict2e/pict2e.sty
Package: pict2e 2020/09/30 v0.4b Improved picture commands (HjG,RN,JT)
 (/usr/local/texlive/2021/texmf-dist/tex/latex/pict2e/pict2e.cfg
File: pict2e.cfg 2016/02/05 v0.1u pict2e configuration for teTeX/TeXLive
)
Package pict2e Info: Driver file: pdftex.def on input line 112.
Package pict2e Info: Driver file for pict2e: p2e-pdftex.def on input line 114.
 (/usr/local/texlive/2021/texmf-dist/tex/latex/pict2e/p2e-pdftex.def
File: p2e-pdftex.def 2016/02/05 v0.1u Driver-dependant file (RN,HjG,JT)
)
\pIIe@GRAPH=\toks25
\@arclen=\dimen163
\@arcrad=\dimen164
\pIIe@tempdima=\dimen165
\pIIe@tempdimb=\dimen166
\pIIe@tempdimc=\dimen167
\pIIe@tempdimd=\dimen168
\pIIe@tempdime=\dimen169
\pIIe@tempdimf=\dimen170
) (/usr/local/texlive/2021/texmf-dist/tex/latex/tools/calc.sty
Package: calc 2017/05/25 v4.3 Infix arithmetic (KKT,FJ)
\calc@Acount=\count281
\calc@Bcount=\count282
\calc@Adimen=\dimen171
\calc@Bdimen=\dimen172
\calc@Askip=\skip54
\calc@Bskip=\skip55
LaTeX Info: Redefining \setlength on input line 80.
LaTeX Info: Redefining \addtolength on input line 81.
\calc@Ccount=\count283
\calc@Cskip=\skip56
) (/usr/local/texlive/2021/texmf-dist/tex/latex/tools/array.sty
Package: array 2020/10/01 v2.5c Tabular extension package (FMi)
\col@sep=\dimen173
\ar@mcellbox=\box52
\extrarowheight=\dimen174
\NC@list=\toks26
\extratabsurround=\skip57
\backup@length=\skip58
\ar@cellbox=\box53
)
\diagbox@boxa=\box54
\diagbox@boxb=\box55
\diagbox@boxm=\box56
\diagbox@wd=\dimen175
\diagbox@ht=\dimen176
\diagbox@insepl=\dimen177
\diagbox@insepr=\dimen178
\diagbox@outsepl=\dimen179
\diagbox@outsepr=\dimen180
) (/usr/local/texlive/2021/texmf-dist/tex/latex/l3backend/l3backend-pdftex.def
File: l3backend-pdftex.def 2021-03-18 L3 backend support: PDF output (pdfTeX)
\l__color_backend_stack_int=\count284
\l__pdf_internal_box=\box57
) (/Users/daniel/Desktop/UNIVERSITY/Postgrad/Cambridge/Modules/Applied Data Science/Coursework/dp702/report/Report.aux)
\openout1 = `Report.aux'.

LaTeX Font Info:    Checking defaults for OML/cmm/m/it on input line 18.
LaTeX Font Info:    ... okay on input line 18.
LaTeX Font Info:    Checking defaults for OMS/cmsy/m/n on input line 18.
LaTeX Font Info:    ... okay on input line 18.
LaTeX Font Info:    Checking defaults for OT1/cmr/m/n on input line 18.
LaTeX Font Info:    ... okay on input line 18.
LaTeX Font Info:    Checking defaults for T1/cmr/m/n on input line 18.
LaTeX Font Info:    ... okay on input line 18.
LaTeX Font Info:    Checking defaults for TS1/cmr/m/n on input line 18.
LaTeX Font Info:    ... okay on input line 18.
LaTeX Font Info:    Checking defaults for OMX/cmex/m/n on input line 18.
LaTeX Font Info:    ... okay on input line 18.
LaTeX Font Info:    Checking defaults for U/cmr/m/n on input line 18.
LaTeX Font Info:    ... okay on input line 18.
LaTeX Font Info:    Checking defaults for PD1/pdf/m/n on input line 18.
LaTeX Font Info:    ... okay on input line 18.
LaTeX Font Info:    Checking defaults for PU/pdf/m/n on input line 18.
LaTeX Font Info:    ... okay on input line 18.

*geometry* driver: auto-detecting
*geometry* detected driver: pdftex
*geometry* verbose mode - [ preamble ] result:
* driver: pdftex
* paper: a4paper
* layout: <same size as paper>
* layoutoffset:(h,v)=(0.0pt,0.0pt)
* modes: 
* h-part:(L,W,R)=(63.87643pt, 469.75499pt, 63.87645pt)
* v-part:(T,H,B)=(48.93872pt, 722.7pt, 73.40813pt)
* \paperwidth=597.50787pt
* \paperheight=845.04684pt
* \textwidth=469.75499pt
* \textheight=722.7pt
* \oddsidemargin=-8.39355pt
* \evensidemargin=-8.39355pt
* \topmargin=-60.33127pt
* \headheight=12.0pt
* \headsep=25.0pt
* \topskip=10.0pt
* \footskip=30.0pt
* \marginparwidth=65.0pt
* \marginparsep=11.0pt
* \columnsep=10.0pt
* \skip\footins=9.0pt plus 4.0pt minus 2.0pt
* \hoffset=0.0pt
* \voffset=0.0pt
* \mag=1000
* \@twocolumnfalse
* \@twosidefalse
* \@mparswitchfalse
* \@reversemarginfalse
* (1in=72.27pt=25.4mm, 1cm=28.453pt)

(/usr/local/texlive/2021/texmf-dist/tex/context/base/mkii/supp-pdf.mkii
[Loading MPS to PDF converter (version 2006.09.02).]
\scratchcounter=\count285
\scratchdimen=\dimen181
\scratchbox=\box58
\nofMPsegments=\count286
\nofMParguments=\count287
\everyMPshowfont=\toks27
\MPscratchCnt=\count288
\MPscratchDim=\dimen182
\MPnumerator=\count289
\makeMPintoPDFobject=\count290
\everyMPtoPDFconversion=\toks28
) (/usr/local/texlive/2021/texmf-dist/tex/latex/epstopdf-pkg/epstopdf-base.sty
Package: epstopdf-base 2020-01-24 v2.11 Base part for package epstopdf
Package epstopdf-base Info: Redefining graphics rule for `.eps' on input line 485.
 (/usr/local/texlive/2021/texmf-dist/tex/latex/latexconfig/epstopdf-sys.cfg
File: epstopdf-sys.cfg 2010/07/13 v1.3 Configuration of (r)epstopdf for TeX Live
))
Package hyperref Info: Link coloring OFF on input line 18.
 (/usr/local/texlive/2021/texmf-dist/tex/latex/hyperref/nameref.sty
Package: nameref 2021-04-02 v2.47 Cross-referencing by name of section
 (/usr/local/texlive/2021/texmf-dist/tex/latex/refcount/refcount.sty
Package: refcount 2019/12/15 v3.6 Data extraction from label references (HO)
) (/usr/local/texlive/2021/texmf-dist/tex/generic/gettitlestring/gettitlestring.sty
Package: gettitlestring 2019/12/15 v1.6 Cleanup title references (HO)
)
\c@section@level=\count291
)
LaTeX Info: Redefining \ref on input line 18.
LaTeX Info: Redefining \pageref on input line 18.
LaTeX Info: Redefining \nameref on input line 18.
 (/Users/daniel/Desktop/UNIVERSITY/Postgrad/Cambridge/Modules/Applied Data Science/Coursework/dp702/report/Report.out) (/Users/daniel/Desktop/UNIVERSITY/Postgrad/Cambridge/Modules/Applied Data Science/Coursework/dp702/report/Report.out)
\@outlinefile=\write3
\openout3 = `Report.out'.

 (/Users/daniel/Desktop/UNIVERSITY/Postgrad/Cambridge/Modules/Applied Data Science/Coursework/dp702/report/Report.toc)
\tf@toc=\write4
\openout4 = `Report.toc'.

 [1

{/usr/local/texlive/2021/texmf-var/fonts/map/pdftex/updmap/pdftex.map}]
<../Plots//Q1a_First20Features.png, id=61, 578.16pt x 578.16pt>
File: ../Plots//Q1a_First20Features.png Graphic file (type png)
<use ../Plots//Q1a_First20Features.png>
Package pdftex.def Info: ../Plots//Q1a_First20Features.png  used on input line 31.
(pdftex.def)             Requested size: 469.75499pt x 469.75385pt.
<../Plots//Q1b_PCA.png, id=65, 578.16pt x 433.62pt>
File: ../Plots//Q1b_PCA.png Graphic file (type png)
<use ../Plots//Q1b_PCA.png>
Package pdftex.def Info: ../Plots//Q1b_PCA.png  used on input line 40.
(pdftex.def)             Requested size: 469.75499pt x 352.31538pt.
 [2 </Users/daniel/Desktop/UNIVERSITY/Postgrad/Cambridge/Modules/Applied Data Science/Coursework/dp702/report/../Plots//Q1a_First20Features.png>] [3 </Users/daniel/Desktop/UNIVERSITY/Postgrad/Cambridge/Modules/Applied Data Science/Coursework/dp702/report/../Plots//Q1b_PCA.png>]
<../Plots//Q1d_KMeans_3Clusters.png, id=91, 722.7pt x 361.35pt>
File: ../Plots//Q1d_KMeans_3Clusters.png Graphic file (type png)
<use ../Plots//Q1d_KMeans_3Clusters.png>
Package pdftex.def Info: ../Plots//Q1d_KMeans_3Clusters.png  used on input line 90.
(pdftex.def)             Requested size: 469.75499pt x 234.88023pt.
<../Plots//Q1e_KMeans_after_PCA.png, id=93, 462.528pt x 346.896pt>
File: ../Plots//Q1e_KMeans_after_PCA.png Graphic file (type png)
<use ../Plots//Q1e_KMeans_after_PCA.png>
Package pdftex.def Info: ../Plots//Q1e_KMeans_after_PCA.png  used on input line 98.
(pdftex.def)             Requested size: 328.82706pt x 246.63135pt.
 [4 </Users/daniel/Desktop/UNIVERSITY/Postgrad/Cambridge/Modules/Applied Data Science/Coursework/dp702/report/../Plots//Q1d_KMeans_3Clusters.png>]
Underfull \hbox (badness 10000) in paragraph at lines 134--135

 []


Underfull \hbox (badness 10000) in paragraph at lines 136--138

 []

[5 </Users/daniel/Desktop/UNIVERSITY/Postgrad/Cambridge/Modules/Applied Data Science/Coursework/dp702/report/../Plots//Q1e_KMeans_after_PCA.png>]
Underfull \hbox (badness 10000) in paragraph at lines 139--141

 []


Underfull \hbox (badness 10000) in paragraph at lines 142--144

 []


Overfull \hbox (2.51239pt too wide) in paragraph at lines 147--148
\OT1/cmr/m/n/10 data and the pre-dict-ing set con-tains all miss-ing data. Us-ing [][]\OT1/cmtt/m/n/10 sklearn.model_selection.GridSearchCV[]\OT1/cmr/m/n/10 ,
 []

[6]
Underfull \hbox (badness 10000) in paragraph at lines 188--189

 []


Underfull \hbox (badness 10000) in paragraph at lines 190--192

 []


Underfull \hbox (badness 10000) in paragraph at lines 193--195

 []

<../Plots//Q3c_original_vs_imputed_dists.png, id=123, 722.7pt x 722.7pt>
File: ../Plots//Q3c_original_vs_imputed_dists.png Graphic file (type png)
<use ../Plots//Q3c_original_vs_imputed_dists.png>
Package pdftex.def Info: ../Plots//Q3c_original_vs_imputed_dists.png  used on input line 217.
(pdftex.def)             Requested size: 469.75499pt x 469.76045pt.
[7]
<../Plots//Q3d_outliers.png, id=136, 462.528pt x 346.896pt>
File: ../Plots//Q3d_outliers.png Graphic file (type png)
<use ../Plots//Q3d_outliers.png>
Package pdftex.def Info: ../Plots//Q3d_outliers.png  used on input line 230.
(pdftex.def)             Requested size: 469.75499pt x 352.33655pt.
<../Plots//Q3e_top5_outliers_original.png, id=140, 462.528pt x 346.896pt>
File: ../Plots//Q3e_top5_outliers_original.png Graphic file (type png)
<use ../Plots//Q3e_top5_outliers_original.png>
Package pdftex.def Info: ../Plots//Q3e_top5_outliers_original.png  used on input line 240.
(pdftex.def)             Requested size: 328.82706pt x 246.63135pt.
<../Plots//Q3e_Fea366_dist.png, id=142, 462.528pt x 346.896pt>
File: ../Plots//Q3e_Fea366_dist.png Graphic file (type png)
<use ../Plots//Q3e_Fea366_dist.png>
Package pdftex.def Info: ../Plots//Q3e_Fea366_dist.png  used on input line 247.
(pdftex.def)             Requested size: 328.82706pt x 246.63135pt.
 [8 </Users/daniel/Desktop/UNIVERSITY/Postgrad/Cambridge/Modules/Applied Data Science/Coursework/dp702/report/../Plots//Q3c_original_vs_imputed_dists.png>] [9 </Users/daniel/Desktop/UNIVERSITY/Postgrad/Cambridge/Modules/Applied Data Science/Coursework/dp702/report/../Plots//Q3d_outliers.png>] [10 </Users/daniel/Desktop/UNIVERSITY/Postgrad/Cambridge/Modules/Applied Data Science/Coursework/dp702/report/../Plots//Q3e_top5_outliers_original.png> </Users/daniel/Desktop/UNIVERSITY/Postgrad/Cambridge/Modules/Applied Data Science/Coursework/dp702/report/../Plots//Q3e_Fea366_dist.png>]
<../Plots//Q4b_outliers.png, id=169, 476.0184pt x 266.9172pt>
File: ../Plots//Q4b_outliers.png Graphic file (type png)
<use ../Plots//Q4b_outliers.png>
Package pdftex.def Info: ../Plots//Q4b_outliers.png  used on input line 280.
(pdftex.def)             Requested size: 469.75499pt x 263.41391pt.
 [11 </Users/daniel/Desktop/UNIVERSITY/Postgrad/Cambridge/Modules/Applied Data Science/Coursework/dp702/report/../Plots//Q4b_outliers.png>]
<../Plots//Q4d_validation_curve.png, id=186, 499.1448pt x 393.6306pt>
File: ../Plots//Q4d_validation_curve.png Graphic file (type png)
<use ../Plots//Q4d_validation_curve.png>
Package pdftex.def Info: ../Plots//Q4d_validation_curve.png  used on input line 321.
(pdftex.def)             Requested size: 375.80542pt x 296.36943pt.
 [12] [13 </Users/daniel/Desktop/UNIVERSITY/Postgrad/Cambridge/Modules/Applied Data Science/Coursework/dp702/report/../Plots//Q4d_validation_curve.png>] [14]
<../Plots//Q5a_KMeans_silhouette.png, id=223, 462.528pt x 346.896pt>
File: ../Plots//Q5a_KMeans_silhouette.png Graphic file (type png)
<use ../Plots//Q5a_KMeans_silhouette.png>
Package pdftex.def Info: ../Plots//Q5a_KMeans_silhouette.png  used on input line 455.
(pdftex.def)             Requested size: 375.80542pt x 281.86818pt.
<../Plots//Q5a_Agglomerative_silhouette.png, id=224, 462.528pt x 346.896pt>
File: ../Plots//Q5a_Agglomerative_silhouette.png Graphic file (type png)
<use ../Plots//Q5a_Agglomerative_silhouette.png>
Package pdftex.def Info: ../Plots//Q5a_Agglomerative_silhouette.png  used on input line 461.
(pdftex.def)             Requested size: 375.80542pt x 281.86818pt.
 [15 </Users/daniel/Desktop/UNIVERSITY/Postgrad/Cambridge/Modules/Applied Data Science/Coursework/dp702/report/../Plots//Q5a_KMeans_silhouette.png>]
<../Plots//Q5c_KMeans_Agglomerative_PCA.png, id=238, 722.7pt x 361.35pt>
File: ../Plots//Q5c_KMeans_Agglomerative_PCA.png Graphic file (type png)
<use ../Plots//Q5c_KMeans_Agglomerative_PCA.png>
Package pdftex.def Info: ../Plots//Q5c_KMeans_Agglomerative_PCA.png  used on input line 520.
(pdftex.def)             Requested size: 469.75499pt x 234.88023pt.
 [16 </Users/daniel/Desktop/UNIVERSITY/Postgrad/Cambridge/Modules/Applied Data Science/Coursework/dp702/report/../Plots//Q5a_Agglomerative_silhouette.png>]
<../Plots//Q5c_KMeans_Agglomerative_PCA_top_feature.png, id=252, 722.7pt x 361.35pt>
File: ../Plots//Q5c_KMeans_Agglomerative_PCA_top_feature.png Graphic file (type png)
<use ../Plots//Q5c_KMeans_Agglomerative_PCA_top_feature.png>
Package pdftex.def Info: ../Plots//Q5c_KMeans_Agglomerative_PCA_top_feature.png  used on input line 529.
(pdftex.def)             Requested size: 469.75499pt x 234.88023pt.
<../Plots//Q5c_KMeans_Agglomerative_PCA_second_feature.png, id=253, 722.7pt x 361.35pt>
File: ../Plots//Q5c_KMeans_Agglomerative_PCA_second_feature.png Graphic file (type png)
<use ../Plots//Q5c_KMeans_Agglomerative_PCA_second_feature.png>
Package pdftex.def Info: ../Plots//Q5c_KMeans_Agglomerative_PCA_second_feature.png  used on input line 535.
(pdftex.def)             Requested size: 469.75499pt x 234.88023pt.
 [17 </Users/daniel/Desktop/UNIVERSITY/Postgrad/Cambridge/Modules/Applied Data Science/Coursework/dp702/report/../Plots//Q5c_KMeans_Agglomerative_PCA.png>]
Underfull \hbox (badness 10000) in paragraph at lines 545--547

 []

[18 </Users/daniel/Desktop/UNIVERSITY/Postgrad/Cambridge/Modules/Applied Data Science/Coursework/dp702/report/../Plots//Q5c_KMeans_Agglomerative_PCA_top_feature.png> </Users/daniel/Desktop/UNIVERSITY/Postgrad/Cambridge/Modules/Applied Data Science/Coursework/dp702/report/../Plots//Q5c_KMeans_Agglomerative_PCA_second_feature.png>]
Underfull \hbox (badness 10000) in paragraph at lines 582--584

 []

[19] (/Users/daniel/Desktop/UNIVERSITY/Postgrad/Cambridge/Modules/Applied Data Science/Coursework/dp702/report/Report.aux)
Package rerunfilecheck Info: File `Report.out' has not changed.
(rerunfilecheck)             Checksum: C9AF059C10CF7740679CBCF1AC0C7695;2021.
 ) 
Here is how much of TeX's memory you used:
 9813 strings out of 478994
 147719 string characters out of 5858184
 474947 words of memory out of 5000000
 27067 multiletter control sequences out of 15000+600000
 409662 words of font info for 49 fonts, out of 8000000 for 9000
 1141 hyphenation exceptions out of 8191
 71i,16n,74p,1084b,483s stack positions out of 5000i,500n,10000p,200000b,80000s
{/usr/local/texlive/2021/texmf-dist/fonts/enc/dvips/cm-super/cm-super-ts1.enc}</usr/local/texlive/2021/texmf-dist/fonts/type1/public/amsfonts/cm/cmbx10.pfb></usr/local/texlive/2021/texmf-dist/fonts/type1/public/amsfonts/cm/cmbx12.pfb></usr/local/texlive/2021/texmf-dist/fonts/type1/public/amsfonts/cm/cmex10.pfb></usr/local/texlive/2021/texmf-dist/fonts/type1/public/amsfonts/cm/cmmi10.pfb></usr/local/texlive/2021/texmf-dist/fonts/type1/public/amsfonts/cm/cmmi5.pfb></usr/local/texlive/2021/texmf-dist/fonts/type1/public/amsfonts/cm/cmmi7.pfb></usr/local/texlive/2021/texmf-dist/fonts/type1/public/amsfonts/cm/cmr10.pfb></usr/local/texlive/2021/texmf-dist/fonts/type1/public/amsfonts/cm/cmr12.pfb></usr/local/texlive/2021/texmf-dist/fonts/type1/public/amsfonts/cm/cmr17.pfb></usr/local/texlive/2021/texmf-dist/fonts/type1/public/amsfonts/cm/cmr7.pfb></usr/local/texlive/2021/texmf-dist/fonts/type1/public/amsfonts/cm/cmsy10.pfb></usr/local/texlive/2021/texmf-dist/fonts/type1/public/amsfonts/cm/cmsy7.pfb></usr/local/texlive/2021/texmf-dist/fonts/type1/public/amsfonts/cm/cmti10.pfb></usr/local/texlive/2021/texmf-dist/fonts/type1/public/amsfonts/cm/cmtt10.pfb></usr/local/texlive/2021/texmf-dist/fonts/type1/public/cm-super/sfrm1000.pfb>
Output written on "/Users/daniel/Desktop/UNIVERSITY/Postgrad/Cambridge/Modules/Applied Data Science/Coursework/dp702/report/Report.pdf" (19 pages, 1284372 bytes).
PDF statistics:
 345 PDF objects out of 1000 (max. 8388607)
 276 compressed objects within 3 object streams
 84 named destinations out of 1000 (max. 500000)
 148 words of extra memory for PDF output out of 10000 (max. 10000000)

